<?xml version="1.0" encoding="UTF-8"?>
<testsuite name="Creacion de terceros de tipo cliente para el sistema" tests="1" skipped="0" failures="0" errors="0" timestamp="2024-09-12T03:34:45" hostname="THINKPAD-E450" time="110.274">
  <properties/>
  <testcase name="creacion de un tercero tipo cliente con estado activo" classname="Creacion de terceros de tipo cliente para el sistema" time="110.274"/>
  <system-out><![CDATA[]]></system-out>
  <system-err><![CDATA[Starting ChromeDriver 128.0.6613.119 (6e439cfca4deda5954b0c74cde9b521c03cb31ad-refs/branch-heads/6613@{#1464}) on port 20247
Only local connections are allowed.
Please see https://chromedriver.chromium.org/security-considerations for suggestions on keeping ChromeDriver safe.
ChromeDriver was started successfully on port 20247.
sep 11, 2024 10:34:48 PM org.openqa.selenium.remote.ProtocolHandshake createSession
INFORMACIÓN: Detected dialect: W3C
[Test worker] INFO net.thucydides.core.steps.ConsoleLoggingListener - 
        __    _____ _____ ____ _____   ____   _    ____  ____  _____ ____  
  _     \ \  |_   _| ____/ ___|_   _| |  _ \ / \  / ___|/ ___|| ____|  _ \ 
 (_)_____| |   | | |  _| \___ \ | |   | |_) / _ \ \___ \\___ \|  _| | | | |
  _|_____| |   | | | |___ ___) || |   |  __/ ___ \ ___) |___) | |___| |_| |
 (_)     | |   |_| |_____|____/ |_|   |_| /_/   \_\____/|____/|_____|____/ 
        /_/                                                                

TEST PASSED: creacion de un tercero tipo cliente con estado activo
----------------------------------------------------------------------------
]]></system-err>
</testsuite>
